<?xml version="1.0" encoding="UTF-8"?>
<testng-results ignored="0" total="1" passed="1" failed="0" skipped="0">
  <reporter-output>
  </reporter-output>
  <suite started-at="2023-07-21T13:10:06 IST" name="Default suite" finished-at="2023-07-21T13:10:10 IST" duration-ms="3857">
    <groups>
    </groups>
    <test started-at="2023-07-21T13:10:06 IST" name="Default test" finished-at="2023-07-21T13:10:10 IST" duration-ms="3857">
      <class name="testCases.Tc001AccountRegistrationPage">
        <test-method is-config="true" signature="setup()[pri:0, instance:testCases.Tc001AccountRegistrationPage@6ab778a]" started-at="2023-07-21T13:10:06 IST" name="setup" finished-at="2023-07-21T13:10:10 IST" duration-ms="3567" status="PASS">
          <reporter-output>
          </reporter-output>
        </test-method> <!-- setup -->
        <test-method signature="account_reg()[pri:0, instance:testCases.Tc001AccountRegistrationPage@6ab778a]" started-at="2023-07-21T13:10:10 IST" name="account_reg" finished-at="2023-07-21T13:10:10 IST" duration-ms="231" status="PASS">
          <reporter-output>
          </reporter-output>
        </test-method> <!-- account_reg -->
      </class> <!-- testCases.Tc001AccountRegistrationPage -->
    </test> <!-- Default test -->
  </suite> <!-- Default suite -->
</testng-results>
